<?xml version="1.0" encoding="UTF-8"?>
<testng-results ignored="0" total="1" passed="1" failed="0" skipped="0">
  <reporter-output>
  </reporter-output>
  <suite started-at="2025-03-23T02:23:59 IST" name="Default suite" finished-at="2025-03-23T02:24:05 IST" duration-ms="6099">
    <groups>
    </groups>
    <test started-at="2025-03-23T02:23:59 IST" name="Default test" finished-at="2025-03-23T02:24:05 IST" duration-ms="6099">
      <class name="SeleniumBasics.MultiScreenshot">
        <test-method signature="f()[pri:0, instance:SeleniumBasics.MultiScreenshot@340da44c]" started-at="2025-03-23T02:23:59 IST" name="f" finished-at="2025-03-23T02:24:05 IST" duration-ms="6021" status="PASS">
          <reporter-output>
          </reporter-output>
        </test-method> <!-- f -->
      </class> <!-- SeleniumBasics.MultiScreenshot -->
    </test> <!-- Default test -->
  </suite> <!-- Default suite -->
</testng-results>
