<?xml version="1.0" encoding="UTF-8"?>
<testng-results ignored="0" total="1" passed="1" failed="0" skipped="0">
  <reporter-output>
  </reporter-output>
  <suite started-at="2025-08-31T19:24:46 IST" name="Default suite" finished-at="2025-08-31T19:24:50 IST" duration-ms="3718">
    <groups>
    </groups>
    <test started-at="2025-08-31T19:24:46 IST" name="Default test" finished-at="2025-08-31T19:24:50 IST" duration-ms="3718">
      <class name="SeleniumBasics.MultiScreenshot">
        <test-method signature="f()[pri:0, instance:SeleniumBasics.MultiScreenshot@19648c40]" started-at="2025-08-31T19:24:46 IST" name="f" finished-at="2025-08-31T19:24:50 IST" duration-ms="3706" status="PASS">
          <reporter-output>
          </reporter-output>
        </test-method> <!-- f -->
      </class> <!-- SeleniumBasics.MultiScreenshot -->
    </test> <!-- Default test -->
  </suite> <!-- Default suite -->
</testng-results>
